gem5 Simulator System.  http://gem5.org
gem5 is copyrighted software; use the --copyright option for details.

gem5 compiled Aug 10 2020 18:41:18
gem5 started Aug 10 2020 18:42:48
gem5 executing on dante, pid 25743
command line: /home/dante/gem5-changes/build/X86/gem5.opt /home/dante/gem5-changes/configs/example/se.py -c tests/test-progs/hello/bin/x86/linux/hello --cpu-type=O3_X86_skylake_1 --caches --l2cache --mem-type=DDR4_2400_16x4 --mem-channels=2 --enable-microop-cache --enable-micro-fusion --enable-superoptimization --lvpredType=fa3p --dynamicThreshold=0 --constantThreshold=3 --predictingArithmetic=1 --usingControlTracking=0 --maxRecursiveDepth=1

Global frequency set at 1000000000000 ticks per second
**** REAL SIMULATION ****
Instruction Commited: (0)1 PCState: (0x400190=>0x400193).(0=>1)   XOR_R_R : xor   rbp, rbp, rbp
Instruction Commited: (0)2 PCState: (0x400193=>0x400196).(0=>1)   MOV_R_R : mov   r9, r9, rdx
Instruction Commited: (0)3 PCState: (0x400196=>0x400197).(0=>1)   POP_R : ldis   t1, SS:[rsp]
Instruction Commited: (0)4 PCState: (0x400196=>0x400197).(1=>2)   POP_R : addi   rsp, rsp, 0x8
Instruction Commited: (0)5 PCState: (0x400196=>0x400197).(2=>3)   POP_R : mov   rsi, rsi, t1
Instruction Commited: (0)6 PCState: (0x400197=>0x40019a).(0=>1)   MOV_R_R : mov   rdx, rdx, rsp
Instruction Commited: (0)7 PCState: (0x40019a=>0x40019e).(0=>1)   AND_R_I : limm   t1, 0xfffffffffffffff0
Instruction Commited: (0)8 PCState: (0x40019a=>0x40019e).(1=>2)   AND_R_I : and   rsp, rsp, t1
Instruction Commited: (0)9 PCState: (0x40019e=>0x40019f).(0=>1)   PUSH_R : stis   rax, SS:[rsp + 0xfffffffffffffff8]
Instruction Commited: (0)10 PCState: (0x40019e=>0x40019f).(1=>2)   PUSH_R : subi   rsp, rsp, 0x8
Instruction Commited: (0)11 PCState: (0x40019f=>0x4001a0).(0=>1)   PUSH_R : stis   rsp, SS:[rsp + 0xfffffffffffffff8]
Instruction Commited: (0)12 PCState: (0x40019f=>0x4001a0).(1=>2)   PUSH_R : subi   rsp, rsp, 0x8
Instruction Commited: (0)13 PCState: (0x4001a0=>0x4001a7).(0=>1)   MOV_R_I : limm   r8, 0x40a060
Instruction Commited: (0)14 PCState: (0x4001a7=>0x4001ae).(0=>1)   MOV_R_I : limm   rcx, 0x409ff0
Instruction Commited: (0)15 PCState: (0x4001ae=>0x4001b5).(0=>1)   MOV_R_I : limm   rdi, 0x400274
Instruction Commited: (0)16 PCState: (0x4001b5=>0x4001ba).(0=>1)   CALL_NEAR_I : limm   t1, 0x9846
Instruction Commited: (0)17 PCState: (0x4001b5=>0x4001ba).(1=>2)   CALL_NEAR_I : rdip   t7, %ctrl153, 
Instruction Commited: (0)18 PCState: (0x4001b5=>0x4001ba).(2=>3)   CALL_NEAR_I : stis   t7, SS:[rsp + 0xfffffffffffffff8]
Instruction Commited: (0)19 PCState: (0x4001b5=>0x4001ba).(3=>4)   CALL_NEAR_I : subi   rsp, rsp, 0x8
Instruction Commited: (0)20 PCState: (0x4001b5=>0x409a00).(4=>5)   CALL_NEAR_I : wrip   , t7, t1
Instruction Commited: (0)22 PCState: (0x409a00=>0x409a02).(0=>1)   PUSH_R : stis   r15, SS:[rsp + 0xfffffffffffffff8]
Instruction Commited: (0)23 PCState: (0x409a00=>0x409a02).(1=>2)   PUSH_R : subi   rsp, rsp, 0x8
Instruction Commited: (0)24 PCState: (0x409a02=>0x409a05).(0=>1)   MOVSXD_R_R : sexti   rax, rsi, 0x1f
Instruction Commited: (0)25 PCState: (0x409a05=>0x409a08).(0=>1)   MOV_R_R : mov   r15, r15, r9
Instruction Commited: (0)26 PCState: (0x409a08=>0x409a0a).(0=>1)   PUSH_R : stis   r14, SS:[rsp + 0xfffffffffffffff8]
Instruction Commited: (0)27 PCState: (0x409a08=>0x409a0a).(1=>2)   PUSH_R : subi   rsp, rsp, 0x8
Instruction Commited: (0)28 PCState: (0x409a0a=>0x409a0d).(0=>1)   MOV_R_R : mov   r14, r14, rdx
Instruction Commited: (0)29 PCState: (0x409a0d=>0x409a0f).(0=>1)   PUSH_R : stis   r13, SS:[rsp + 0xfffffffffffffff8]
Instruction Commited: (0)30 PCState: (0x409a0d=>0x409a0f).(1=>2)   PUSH_R : subi   rsp, rsp, 0x8
Instruction Commited: (0)31 PCState: (0x409a0f=>0x409a12).(0=>1)   MOV_R_R : mov   r13d, r13d, esi
Instruction Commited: (0)32 PCState: (0x409a12=>0x409a14).(0=>1)   PUSH_R : stis   r12, SS:[rsp + 0xfffffffffffffff8]
Instruction Commited: (0)33 PCState: (0x409a12=>0x409a14).(1=>2)   PUSH_R : subi   rsp, rsp, 0x8
Instruction Commited: (0)34 PCState: (0x409a14=>0x409a15).(0=>1)   PUSH_R : stis   rbp, SS:[rsp + 0xfffffffffffffff8]
Instruction Commited: (0)35 PCState: (0x409a14=>0x409a15).(1=>2)   PUSH_R : subi   rsp, rsp, 0x8
Instruction Commited: (0)36 PCState: (0x409a15=>0x409a16).(0=>1)   PUSH_R : stis   rbx, SS:[rsp + 0xfffffffffffffff8]
Instruction Commited: (0)37 PCState: (0x409a15=>0x409a16).(1=>2)   PUSH_R : subi   rsp, rsp, 0x8
Instruction Commited: (0)38 PCState: (0x409a16=>0x409a1d).(0=>1)   SUB_R_I : limm   t1, 0x1f8
Instruction Commited: (0)39 PCState: (0x409a16=>0x409a1d).(1=>2)   SUB_R_I : sub   rsp, rsp, t1
Instruction Commited: (0)40 PCState: (0x409a1d=>0x409a22).(0=>1)   MOV_M_R : st   rdi, DS:[rsp + 0x18]
Instruction Commited: (0)41 PCState: (0x409a22=>0x409a27).(0=>1)   LEA_R_M : lea   rdi, DS:[8*rax + rdx + 0x8]
Instruction Commited: (0)42 PCState: (0x409a27=>0x409a2c).(0=>1)   MOV_R_I : limm   eax, 0
Instruction Commited: (0)43 PCState: (0x409a2c=>0x409a2e).(0=>1)   XOR_R_R : xor   edx, edx, edx
Instruction Commited: (0)44 PCState: (0x409a2e=>0x409a31).(0=>1)   TEST_R_R : and   t0, rax, rax
Instruction Commited: (0)45 PCState: (0x409a31=>0x409a36).(0=>1)   MOV_M_R : st   rcx, DS:[rsp + 0x10]
Instruction Commited: (0)46 PCState: (0x409a36=>0x409a3b).(0=>1)   MOV_M_R : st   r8, DS:[rsp + 0x8]
Instruction Commited: (0)47 PCState: (0x409a3b=>0x409a3d).(0=>1)   JZ_I : rdip   t1, %ctrl153, 
Instruction Commited: (0)48 PCState: (0x409a3b=>0x409a3d).(1=>2)   JZ_I : limm   t2, 0x12
Instruction Commited: (0)49 PCState: (0x409a3b=>0x409a4f).(2=>3)   JZ_I : wrip   , t1, t2
Instruction Commited: (0)50 PCState: (0x409a4f=>0x409a57).(0=>1)   MOV_R_M : ld   rax, DS:[rsp + 0x230]
Instruction Commited: (0)51 PCState: (0x409a57=>0x409a5d).(0=>1)   MOV_P_R : rdip   t7d, %ctrl153, 
Instruction Commited: (0)52 PCState: (0x409a57=>0x409a5d).(1=>2)   MOV_P_R : st   edx, DS:[t7 + 0x176d53]
Instruction Commited: (0)53 PCState: (0x409a5d=>0x409a64).(0=>1)   MOV_P_R : rdip   t7, %ctrl153, 
Instruction Commited: (0)54 PCState: (0x409a5d=>0x409a64).(1=>2)   MOV_P_R : st   rdi, DS:[t7 + 0x189394]
Instruction Commited: (0)55 PCState: (0x409a64=>0x409a6b).(0=>1)   MOV_P_R : rdip   t7, %ctrl153, 
Instruction Commited: (0)56 PCState: (0x409a64=>0x409a6b).(1=>2)   MOV_P_R : st   rax, DS:[t7 + 0x175f8d]
Instruction Commited: (0)57 PCState: (0x409a6b=>0x409a6e).(0=>1)   NOP   
Instruction Commited: (0)58 PCState: (0x409a6e=>0x409a70).(0=>1)   NOP   
Instruction Commited: (0)59 PCState: (0x409a70=>0x409a73).(0=>1)   MOV_R_M : ld   rax, DS:[rdi]
Instruction Commited: (0)60 PCState: (0x409a73=>0x409a77).(0=>1)   ADD_R_I : limm   t1, 0x8
Instruction Commited: (0)61 PCState: (0x409a73=>0x409a77).(1=>2)   ADD_R_I : add   rdi, rdi, t1
Instruction Commited: (0)62 PCState: (0x409a77=>0x409a7a).(0=>1)   TEST_R_R : and   t0, rax, rax
Instruction Commited: (0)63 PCState: (0x409a7a=>0x409a7c).(0=>1)   JNZ_I : rdip   t1, %ctrl153, 
Instruction Commited: (0)64 PCState: (0x409a7a=>0x409a7c).(1=>2)   JNZ_I : limm   t2, 0xfffffffffffffff4
Instruction Commited: (0)65 PCState: (0x409a7a=>0x409a7c).(2=>3)   JNZ_I : wrip   , t1, t2
Instruction Commited: (0)66 PCState: (0x409a7c=>0x409a81).(0=>1)   CALL_NEAR_I : limm   t1, 0xc07f
Instruction Commited: (0)67 PCState: (0x409a7c=>0x409a81).(1=>2)   CALL_NEAR_I : rdip   t7, %ctrl153, 
Instruction Commited: (0)68 PCState: (0x409a7c=>0x409a81).(2=>3)   CALL_NEAR_I : stis   t7, SS:[rsp + 0xfffffffffffffff8]
Instruction Commited: (0)69 PCState: (0x409a7c=>0x409a81).(3=>4)   CALL_NEAR_I : subi   rsp, rsp, 0x8
Instruction Commited: (0)70 PCState: (0x409a7c=>0x415b00).(4=>5)   CALL_NEAR_I : wrip   , t7, t1
Instruction Commited: (0)94 PCState: (0x415b00=>0x415b03).(0=>1)   MOV_R_M : ld   rax, DS:[rdi]
Instruction Commited: (0)95 PCState: (0x415b03=>0x415b05).(0=>1)   XOR_R_R : xor   edx, edx, edx
Instruction Commited: (0)96 PCState: (0x415b05=>0x415b07).(0=>1)   XOR_R_R : xor   ecx, ecx, ecx
Instruction Commited: (0)97 PCState: (0x415b07=>0x415b09).(0=>1)   XOR_R_R : xor   esi, esi, esi
Instruction Commited: (0)98 PCState: (0x415b09=>0x415b0c).(0=>1)   TEST_R_R : and   t0, rax, rax
Instruction Commited: (0)99 PCState: (0x415b0c=>0x415b0e).(0=>1)   JZ_I : rdip   t1, %ctrl153, 
Instruction Commited: (0)100 PCState: (0x415b0c=>0x415b0e).(1=>2)   JZ_I : limm   t2, 0x47
Instruction Commited: (0)101 PCState: (0x415b0c=>0x415b0e).(2=>3)   JZ_I : wrip   , t1, t2
Instruction Commited: (0)102 PCState: (0x415b0e=>0x415b10).(0=>1)   NOP   
Instruction Commited: (0)103 PCState: (0x415b10=>0x415b14).(0=>1)   SUB_R_I : limm   t1, 0x3
Instruction Commited: (0)104 PCState: (0x415b10=>0x415b14).(1=>2)   SUB_R_I : sub   rax, rax, t1
Instruction Commited: (0)105 PCState: (0x415b14=>0x415b18).(0=>1)   CMP_R_I : limm   t1, 0x14
Instruction Commited: (0)106 PCState: (0x415b14=>0x415b18).(1=>2)   CMP_R_I : sub   t0, rax, t1
Instruction Commited: (0)107 PCState: (0x415b18=>0x415b1a).(0=>1)   JNBE_I : rdip   t1, %ctrl153, 
Instruction Commited: (0)108 PCState: (0x415b18=>0x415b1a).(1=>2)   JNBE_I : limm   t2, 0x26
Instruction Commited: (0)109 PCState: (0x415b18=>0x415b40).(2=>3)   JNBE_I : wrip   , t1, t2
Instruction Commited: (0)121 PCState: (0x415b40=>0x415b44).(0=>1)   ADD_R_I : limm   t1, 0x10
Instruction Commited: (0)122 PCState: (0x415b40=>0x415b44).(1=>2)   ADD_R_I : add   rdi, rdi, t1
Instruction Commited: (0)123 PCState: (0x415b44=>0x415b47).(0=>1)   MOV_R_M : ld   rax, DS:[rdi]
Instruction Commited: (0)124 PCState: (0x415b47=>0x415b4a).(0=>1)   TEST_R_R : and   t0, rax, rax
Instruction Commited: (0)125 PCState: (0x415b4a=>0x415b4c).(0=>1)   JNZ_I : rdip   t1, %ctrl153, 
Instruction Commited: (0)126 PCState: (0x415b4a=>0x415b4c).(1=>2)   JNZ_I : limm   t2, 0xffffffffffffffc4
Instruction Commited: (0)127 PCState: (0x415b4a=>0x415b10).(2=>3)   JNZ_I : wrip   , t1, t2
Instruction Commited: (0)193 PCState: (0x415b10=>0x415b14).(0=>1)   SUB_R_I : limm   t1, 0x3
Instruction Commited: (0)194 PCState: (0x415b10=>0x415b14).(1=>2)   SUB_R_I : sub   rax, rax, t1
Instruction Commited: (0)195 PCState: (0x415b14=>0x415b18).(0=>1)   CMP_R_I : limm   t1, 0x14
Instruction Commited: (0)196 PCState: (0x415b14=>0x415b18).(1=>2)   CMP_R_I : sub   t0, rax, t1
Instruction Commited: (0)197 PCState: (0x415b18=>0x415b1a).(0=>1)   JNBE_I : rdip   t1, %ctrl153, 
Instruction Commited: (0)198 PCState: (0x415b18=>0x415b1a).(1=>2)   JNBE_I : limm   t2, 0x26
Instruction Commited: (0)199 PCState: (0x415b18=>0x415b1a).(2=>3)   JNBE_I : wrip   , t1, t2
Instruction Commited: (0)272 PCState: (0x415b1a=>0x415b21).(0=>1)   JMP_M : ld   t1, DS:[8*rax + 0x45eb80]
Instruction Commited: (0)273 PCState: (0x415b1a=>0x415b6f).(1=>2)   JMP_M : wripi   , t1, 0
Instruction Commited: (0)509 PCState: (0x415b6f=>0x415b73).(0=>1)   MOV_R_M : ld   rax, DS:[rdi + 0x8]
Instruction Commited: (0)510 PCState: (0x415b73=>0x415b77).(0=>1)   ADD_R_I : limm   t1, 0x10
Instruction Commited: (0)511 PCState: (0x415b73=>0x415b77).(1=>2)   ADD_R_I : add   rdi, rdi, t1
Instruction Commited: (0)512 PCState: (0x415b77=>0x415b7e).(0=>1)   MOV_P_R : rdip   t7, %ctrl153, 
Instruction Commited: (0)513 PCState: (0x415b77=>0x415b7e).(1=>2)   MOV_P_R : st   rax, DS:[t7 + 0x17d2f2]
Instruction Commited: (0)514 PCState: (0x415b7e=>0x415b81).(0=>1)   MOV_R_M : ld   rax, DS:[rdi]
Instruction Commited: (0)515 PCState: (0x415b81=>0x415b84).(0=>1)   TEST_R_R : and   t0, rax, rax
Instruction Commited: (0)516 PCState: (0x415b84=>0x415b86).(0=>1)   JNZ_I : rdip   t1, %ctrl153, 
Instruction Commited: (0)517 PCState: (0x415b84=>0x415b86).(1=>2)   JNZ_I : limm   t2, 0xffffffffffffff8a
Instruction Commited: (0)518 PCState: (0x415b84=>0x415b10).(2=>3)   JNZ_I : wrip   , t1, t2
Instruction Commited: (1)604 PCState: (0x415b10=>0x415b14).(0=>1)   SUB_R_I : sub   rax, rax, t1
